<?xml version="1.0" encoding="UTF-8"?>
<!-- Generated by org.testng.reporters.JUnitReportReporter -->
<testsuite hostname="NTS5CG7321YLY" name="FunctionTests.CreateNewFolder" tests="1" failures="0" timestamp="23 Sep 2018 14:23:49 GMT" time="38.345" errors="0">
  <testcase name="ShareFolder" time="38.345" classname="FunctionTests.CreateNewFolder"/>
</testsuite> <!-- FunctionTests.CreateNewFolder -->
