<?xml version="1.0" encoding="UTF-8"?>
<!-- Generated by org.testng.reporters.JUnitReportReporter -->
<testsuite hostname="NTS5CG7321YLY" name="FunctionTests.LoginLogoutTest" tests="1" failures="0" timestamp="23 Sep 2018 20:42:49 GMT" time="33.261" errors="0">
  <testcase name="logindropbox" time="33.261" classname="FunctionTests.LoginLogoutTest"/>
</testsuite> <!-- FunctionTests.LoginLogoutTest -->
