<?xml version="1.0" encoding="UTF-8"?>
<!-- Generated by org.testng.reporters.JUnitReportReporter -->
<testsuite hostname="NTS5CG7321YLY" name="FunctionTests.ShareFolderTest" tests="1" failures="0" timestamp="23 Sep 2018 19:53:00 GMT" time="69.788" errors="0">
  <testcase name="ShareFolder" time="69.788" classname="FunctionTests.ShareFolderTest"/>
</testsuite> <!-- FunctionTests.ShareFolderTest -->
