<?xml version="1.0" encoding="UTF-8"?>
<!-- Generated by org.testng.reporters.JUnitReportReporter -->
<testsuite hostname="NTS5CG7321YLY" name="FunctionTests.FileUploadTest" tests="1" failures="0" timestamp="23 Sep 2018 19:44:50 GMT" time="56.646" errors="0">
  <testcase name="upfile" time="56.646" classname="FunctionTests.FileUploadTest"/>
</testsuite> <!-- FunctionTests.FileUploadTest -->
