<?xml version="1.0" encoding="UTF-8"?>
<!-- Generated by org.testng.reporters.JUnitReportReporter -->
<testsuite hostname="NTS5CG7321YLY" name="FunctionTests.CreateNewFolderTest" tests="1" failures="0" timestamp="23 Sep 2018 20:53:39 GMT" time="49.729" errors="0">
  <testcase name="Create_N_Folder" time="49.729" classname="FunctionTests.CreateNewFolderTest"/>
</testsuite> <!-- FunctionTests.CreateNewFolderTest -->
