<?xml version="1.0" encoding="UTF-8"?>
<!-- Generated by org.testng.reporters.JUnitReportReporter -->
<testsuite hostname="NTS5CG7321YLY" name="FunctionTests.ChangeAvatarTest" tests="1" failures="0" timestamp="23 Sep 2018 20:31:33 GMT" time="48.906" errors="0">
  <testcase name="upfile" time="48.906" classname="FunctionTests.ChangeAvatarTest"/>
</testsuite> <!-- FunctionTests.ChangeAvatarTest -->
